  [1m[35m (1134.5ms)[0m  [1m[35mCREATE DATABASE "rails-study_development" ENCODING = 'unicode'[0m
  ↳ bin/rails:9
  [1m[35m (612.1ms)[0m  [1m[35mCREATE DATABASE "rails-study_test" ENCODING = 'unicode'[0m
  ↳ bin/rails:9
  [1m[35m (27.1ms)[0m  [1m[35mCREATE DATABASE "rails-study_development" ENCODING = 'unicode'[0m
  ↳ bin/rails:9
  [1m[35m (0.9ms)[0m  [1m[35mCREATE DATABASE "rails-study_test" ENCODING = 'unicode'[0m
  ↳ bin/rails:9
  [1m[35m (47.3ms)[0m  [1m[35mCREATE TABLE "schema_migrations" ("version" character varying NOT NULL PRIMARY KEY)[0m
  ↳ bin/rails:9
  [1m[35m (28.8ms)[0m  [1m[35mCREATE TABLE "ar_internal_metadata" ("key" character varying NOT NULL PRIMARY KEY, "value" character varying, "created_at" timestamp NOT NULL, "updated_at" timestamp NOT NULL)[0m
  ↳ bin/rails:9
  [1m[35m (0.7ms)[0m  [1m[34mSELECT pg_try_advisory_lock(7470688040319869505)[0m
  ↳ bin/rails:9
  [1m[35m (1.0ms)[0m  [1m[34mSELECT "schema_migrations"."version" FROM "schema_migrations" ORDER BY "schema_migrations"."version" ASC[0m
  ↳ bin/rails:9
  [1m[36mActiveRecord::InternalMetadata Load (6.6ms)[0m  [1m[34mSELECT  "ar_internal_metadata".* FROM "ar_internal_metadata" WHERE "ar_internal_metadata"."key" = $1 LIMIT $2[0m  [["key", "environment"], ["LIMIT", 1]]
  ↳ bin/rails:9
  [1m[35m (0.2ms)[0m  [1m[35mBEGIN[0m
  ↳ bin/rails:9
  [1m[36mActiveRecord::InternalMetadata Create (7.7ms)[0m  [1m[32mINSERT INTO "ar_internal_metadata" ("key", "value", "created_at", "updated_at") VALUES ($1, $2, $3, $4) RETURNING "key"[0m  [["key", "environment"], ["value", "development"], ["created_at", "2019-03-04 15:52:44.614847"], ["updated_at", "2019-03-04 15:52:44.614847"]]
  ↳ bin/rails:9
  [1m[35m (0.6ms)[0m  [1m[35mCOMMIT[0m
  ↳ bin/rails:9
  [1m[35m (0.3ms)[0m  [1m[34mSELECT pg_advisory_unlock(7470688040319869505)[0m
  ↳ bin/rails:9
  [1m[35m (0.4ms)[0m  [1m[34mSELECT "schema_migrations"."version" FROM "schema_migrations" ORDER BY "schema_migrations"."version" ASC[0m
  ↳ bin/rails:9
  [1m[35m (6.1ms)[0m  [1m[34mSELECT pg_try_advisory_lock(7470688040319869505)[0m
  ↳ bin/rails:9
  [1m[35m (6.7ms)[0m  [1m[34mSELECT "schema_migrations"."version" FROM "schema_migrations" ORDER BY "schema_migrations"."version" ASC[0m
  ↳ bin/rails:9
Migrating to DeviseCreateUsers (20190304160131)
  [1m[35m (6.3ms)[0m  [1m[35mBEGIN[0m
  ↳ bin/rails:9
  [1m[35m (138.7ms)[0m  [1m[35mCREATE TABLE "users" ("id" bigserial primary key, "email" character varying DEFAULT '' NOT NULL, "encrypted_password" character varying DEFAULT '' NOT NULL, "reset_password_token" character varying, "reset_password_sent_at" timestamp, "remember_created_at" timestamp, "created_at" timestamp NOT NULL, "updated_at" timestamp NOT NULL)[0m
  ↳ db/migrate/20190304160131_devise_create_users.rb:5
  [1m[35m (1.3ms)[0m  [1m[35mCREATE UNIQUE INDEX  "index_users_on_email" ON "users"  ("email")[0m
  ↳ db/migrate/20190304160131_devise_create_users.rb:39
  [1m[35m (1.4ms)[0m  [1m[35mCREATE UNIQUE INDEX  "index_users_on_reset_password_token" ON "users"  ("reset_password_token")[0m
  ↳ db/migrate/20190304160131_devise_create_users.rb:40
  [1m[36mActiveRecord::SchemaMigration Create (1.2ms)[0m  [1m[32mINSERT INTO "schema_migrations" ("version") VALUES ($1) RETURNING "version"[0m  [["version", "20190304160131"]]
  ↳ bin/rails:9
  [1m[35m (1.8ms)[0m  [1m[35mCOMMIT[0m
  ↳ bin/rails:9
  [1m[36mActiveRecord::InternalMetadata Load (1.6ms)[0m  [1m[34mSELECT  "ar_internal_metadata".* FROM "ar_internal_metadata" WHERE "ar_internal_metadata"."key" = $1 LIMIT $2[0m  [["key", "environment"], ["LIMIT", 1]]
  ↳ bin/rails:9
  [1m[35m (0.5ms)[0m  [1m[35mBEGIN[0m
  ↳ bin/rails:9
  [1m[35m (0.2ms)[0m  [1m[35mCOMMIT[0m
  ↳ bin/rails:9
  [1m[35m (0.4ms)[0m  [1m[34mSELECT pg_advisory_unlock(7470688040319869505)[0m
  ↳ bin/rails:9
  [1m[35m (0.4ms)[0m  [1m[34mSELECT "schema_migrations"."version" FROM "schema_migrations" ORDER BY "schema_migrations"."version" ASC[0m
  ↳ bin/rails:9
  [1m[35m (0.3ms)[0m  [1m[34mSELECT pg_try_advisory_lock(7470688040319869505)[0m
  ↳ bin/rails:9
  [1m[35m (1.3ms)[0m  [1m[34mSELECT "schema_migrations"."version" FROM "schema_migrations" ORDER BY "schema_migrations"."version" ASC[0m
  ↳ bin/rails:9
Migrating to AddUsernameToUsers (20190304160716)
  [1m[35m (0.3ms)[0m  [1m[35mBEGIN[0m
  ↳ bin/rails:9
  [1m[35m (8.8ms)[0m  [1m[35mALTER TABLE "users" ADD "username" character varying[0m
  ↳ db/migrate/20190304160716_add_username_to_users.rb:3
  [1m[35m (3.0ms)[0m  [1m[35mCREATE UNIQUE INDEX  "index_users_on_username" ON "users"  ("username")[0m
  ↳ db/migrate/20190304160716_add_username_to_users.rb:4
  [1m[36mActiveRecord::SchemaMigration Create (0.6ms)[0m  [1m[32mINSERT INTO "schema_migrations" ("version") VALUES ($1) RETURNING "version"[0m  [["version", "20190304160716"]]
  ↳ bin/rails:9
  [1m[35m (0.9ms)[0m  [1m[35mCOMMIT[0m
  ↳ bin/rails:9
  [1m[36mActiveRecord::InternalMetadata Load (12.5ms)[0m  [1m[34mSELECT  "ar_internal_metadata".* FROM "ar_internal_metadata" WHERE "ar_internal_metadata"."key" = $1 LIMIT $2[0m  [["key", "environment"], ["LIMIT", 1]]
  ↳ bin/rails:9
  [1m[35m (0.4ms)[0m  [1m[35mBEGIN[0m
  ↳ bin/rails:9
  [1m[35m (0.4ms)[0m  [1m[35mCOMMIT[0m
  ↳ bin/rails:9
  [1m[35m (0.5ms)[0m  [1m[34mSELECT pg_advisory_unlock(7470688040319869505)[0m
  ↳ bin/rails:9
  [1m[35m (0.7ms)[0m  [1m[34mSELECT "schema_migrations"."version" FROM "schema_migrations" ORDER BY "schema_migrations"."version" ASC[0m
  ↳ bin/rails:9
Started GET "/" for 127.0.0.1 at 2019-03-04 17:09:25 +0100
  [1m[35m (2.9ms)[0m  [1m[34mSELECT "schema_migrations"."version" FROM "schema_migrations" ORDER BY "schema_migrations"."version" ASC[0m
  ↳ /Users/guellaty/.rbenv/versions/2.5.3/lib/ruby/gems/2.5.0/gems/activerecord-5.2.2/lib/active_record/log_subscriber.rb:98
Processing by Rails::WelcomeController#index as HTML
  Rendering /Users/guellaty/.rbenv/versions/2.5.3/lib/ruby/gems/2.5.0/gems/railties-5.2.2/lib/rails/templates/rails/welcome/index.html.erb
  Rendered /Users/guellaty/.rbenv/versions/2.5.3/lib/ruby/gems/2.5.0/gems/railties-5.2.2/lib/rails/templates/rails/welcome/index.html.erb (15.0ms)
Completed 200 OK in 114ms (Views: 67.7ms | ActiveRecord: 0.0ms)


Started GET "/users/edit" for 127.0.0.1 at 2019-03-04 17:09:56 +0100
Processing by Devise::RegistrationsController#edit as HTML
Completed 401 Unauthorized in 8ms (ActiveRecord: 0.0ms)


Started GET "/users/sign_in" for 127.0.0.1 at 2019-03-04 17:09:57 +0100
Processing by Devise::SessionsController#new as HTML
  Rendering /Users/guellaty/.rbenv/versions/2.5.3/lib/ruby/gems/2.5.0/gems/devise-4.6.1/app/views/devise/sessions/new.html.erb within layouts/application
  Rendered /Users/guellaty/.rbenv/versions/2.5.3/lib/ruby/gems/2.5.0/gems/devise-4.6.1/app/views/devise/shared/_links.html.erb (1.9ms)
  Rendered /Users/guellaty/.rbenv/versions/2.5.3/lib/ruby/gems/2.5.0/gems/devise-4.6.1/app/views/devise/sessions/new.html.erb within layouts/application (171.8ms)
Started GET "/users/sign_in" for 127.0.0.1 at 2019-03-04 17:10:03 +0100
Processing by Devise::SessionsController#new as HTML
  Rendering /Users/guellaty/.rbenv/versions/2.5.3/lib/ruby/gems/2.5.0/gems/devise-4.6.1/app/views/devise/sessions/new.html.erb within layouts/application
  Rendered /Users/guellaty/.rbenv/versions/2.5.3/lib/ruby/gems/2.5.0/gems/devise-4.6.1/app/views/devise/shared/_links.html.erb (1.1ms)
  Rendered /Users/guellaty/.rbenv/versions/2.5.3/lib/ruby/gems/2.5.0/gems/devise-4.6.1/app/views/devise/sessions/new.html.erb within layouts/application (12.2ms)
Started GET "/users/sign_up" for 127.0.0.1 at 2019-03-04 17:10:04 +0100
Processing by Devise::RegistrationsController#new as HTML
  Rendering /Users/guellaty/.rbenv/versions/2.5.3/lib/ruby/gems/2.5.0/gems/devise-4.6.1/app/views/devise/registrations/new.html.erb within layouts/application
  Rendered /Users/guellaty/.rbenv/versions/2.5.3/lib/ruby/gems/2.5.0/gems/devise-4.6.1/app/views/devise/shared/_error_messages.html.erb (1.3ms)
  Rendered /Users/guellaty/.rbenv/versions/2.5.3/lib/ruby/gems/2.5.0/gems/devise-4.6.1/app/views/devise/shared/_links.html.erb (1.5ms)
  Rendered /Users/guellaty/.rbenv/versions/2.5.3/lib/ruby/gems/2.5.0/gems/devise-4.6.1/app/views/devise/registrations/new.html.erb within layouts/application (31.7ms)
[Webpacker] Compiling…
[Webpacker] Compiling…
[Webpacker] Compiling…
  [1m[35m (58.1ms)[0m  [1m[34mSELECT COUNT(*) FROM "users"[0m
[Webpacker] Compiled all packs in /Users/guellaty/code/emnaguel/study-test/public/packs
Completed 200 OK in 36551ms (Views: 36495.8ms | ActiveRecord: 27.4ms)


[Webpacker] Compiled all packs in /Users/guellaty/code/emnaguel/study-test/public/packs
Completed 200 OK in 28259ms (Views: 28257.1ms | ActiveRecord: 0.0ms)


[Webpacker] Compiled all packs in /Users/guellaty/code/emnaguel/study-test/public/packs
Completed 200 OK in 29750ms (Views: 29748.7ms | ActiveRecord: 0.0ms)


Started GET "/users/sign_up" for 127.0.0.1 at 2019-03-04 17:18:56 +0100
Processing by Devise::RegistrationsController#new as HTML
  Rendering devise/registrations/new.html.erb within layouts/application
  Rendered devise/shared/_links.html.erb (2.7ms)
  Rendered devise/registrations/new.html.erb within layouts/application (601.9ms)
Started GET "/users/sign_up" for 127.0.0.1 at 2019-03-04 17:18:58 +0100
  Rendered shared/_navbar.html.erb (1722.3ms)
Completed 500 Internal Server Error in 2592ms (ActiveRecord: 21.1ms)


  
ActionView::Template::Error (undefined local variable or method `root_path' for #<#<Class:0x00007f936c3190a0>:0x00007f936c307288>
Did you mean?  font_path):
    1: <div class="navbar-wagon">
    2:   <!-- Logo -->
    3:   <%= link_to root_path, class: "navbar-wagon-brand" do %>
    4:     <%= image_tag "logo.png", height: 50 %>
    5:   <% end %>
    6: 
  
app/views/shared/_navbar.html.erb:3:in `_app_views_shared__navbar_html_erb___3126614690427245803_70135570803340'
app/views/layouts/application.html.erb:15:in `_app_views_layouts_application_html_erb__3763278168872165687_70135576002240'
Processing by Devise::RegistrationsController#new as HTML
  Rendering devise/registrations/new.html.erb within layouts/application
  Rendered devise/shared/_links.html.erb (1.0ms)
  Rendered devise/registrations/new.html.erb within layouts/application (13.3ms)
  Rendered shared/_navbar.html.erb (1199.8ms)
Completed 500 Internal Server Error in 1299ms (ActiveRecord: 5.8ms)


  
ActionView::Template::Error (undefined local variable or method `root_path' for #<#<Class:0x00007f936a629878>:0x00007f936a623ec8>
Did you mean?  font_path):
    1: <div class="navbar-wagon">
    2:   <!-- Logo -->
    3:   <%= link_to root_path, class: "navbar-wagon-brand" do %>
    4:     <%= image_tag "logo.png", height: 50 %>
    5:   <% end %>
    6: 
  
app/views/shared/_navbar.html.erb:3:in `_app_views_shared__navbar_html_erb___3126614690427245803_70135567869820'
app/views/layouts/application.html.erb:15:in `_app_views_layouts_application_html_erb__3763278168872165687_70135560848820'
Started GET "/users/sign_up" for 127.0.0.1 at 2019-03-04 17:19:39 +0100
Processing by Devise::RegistrationsController#new as HTML
  Rendering devise/registrations/new.html.erb within layouts/application
  Rendered devise/shared/_links.html.erb (1.4ms)
  Rendered devise/registrations/new.html.erb within layouts/application (21.0ms)
  Rendered shared/_navbar.html.erb (1.6ms)
  Rendered shared/_flashes.html.erb (0.5ms)
Completed 200 OK in 131ms (Views: 127.9ms | ActiveRecord: 0.0ms)


Started GET "/users/sign_in" for 127.0.0.1 at 2019-03-04 17:19:59 +0100
Processing by Devise::SessionsController#new as HTML
  Rendering devise/sessions/new.html.erb within layouts/application
  Rendered devise/shared/_links.html.erb (1.4ms)
  Rendered devise/sessions/new.html.erb within layouts/application (15.6ms)
  Rendered shared/_navbar.html.erb (1.4ms)
  Rendered shared/_flashes.html.erb (0.5ms)
Completed 200 OK in 91ms (Views: 89.2ms | ActiveRecord: 0.0ms)


Started GET "/users/sign_in" for 127.0.0.1 at 2019-03-04 17:20:31 +0100
Processing by Devise::SessionsController#new as HTML
  Rendering devise/sessions/new.html.erb within layouts/application
  Rendered devise/shared/_links.html.erb (1.8ms)
  Rendered devise/sessions/new.html.erb within layouts/application (29.1ms)
  Rendered shared/_navbar.html.erb (1.7ms)
  Rendered shared/_flashes.html.erb (0.8ms)
Completed 200 OK in 128ms (Views: 125.2ms | ActiveRecord: 0.0ms)


Started GET "/users/sign_in" for 127.0.0.1 at 2019-03-04 17:20:33 +0100
Processing by Devise::SessionsController#new as HTML
  Rendering devise/sessions/new.html.erb within layouts/application
  Rendered devise/shared/_links.html.erb (1.3ms)
  Rendered devise/sessions/new.html.erb within layouts/application (13.0ms)
  Rendered shared/_navbar.html.erb (1.5ms)
  Rendered shared/_flashes.html.erb (0.4ms)
Completed 200 OK in 228ms (Views: 226.7ms | ActiveRecord: 0.0ms)


Started POST "/users/sign_in" for 127.0.0.1 at 2019-03-04 17:20:42 +0100
Processing by Devise::SessionsController#create as HTML
  Parameters: {"utf8"=>"✓", "authenticity_token"=>"DVmq90QHRdhOxEzIktpMAg5pGntAdpa3ajDL+oelfixtIqVXQ+MlRWG4LkSQO1UDZTSBAhBX2D5wGkEVTZft6Q==", "user"=>{"email"=>"eguellaty@gmail.com", "login"=>"bonjour", "password"=>"[FILTERED]", "remember_me"=>"0"}, "commit"=>"Log in"}
  [1m[36mUser Load (27.2ms)[0m  [1m[34mSELECT  "users".* FROM "users" WHERE (lower(username) = 'bonjour' OR lower(email) = 'bonjour') ORDER BY "users"."id" ASC LIMIT $1[0m  [["LIMIT", 1]]
  ↳ app/models/user.rb:17
Completed 401 Unauthorized in 50ms (ActiveRecord: 40.8ms)


Processing by Devise::SessionsController#new as HTML
  Parameters: {"utf8"=>"✓", "authenticity_token"=>"DVmq90QHRdhOxEzIktpMAg5pGntAdpa3ajDL+oelfixtIqVXQ+MlRWG4LkSQO1UDZTSBAhBX2D5wGkEVTZft6Q==", "user"=>{"email"=>"eguellaty@gmail.com", "login"=>"bonjour", "password"=>"[FILTERED]", "remember_me"=>"0"}, "commit"=>"Log in"}
Unpermitted parameter: :email
  Rendering devise/sessions/new.html.erb within layouts/application
  Rendered devise/shared/_links.html.erb (1.8ms)
  Rendered devise/sessions/new.html.erb within layouts/application (11.9ms)
  Rendered shared/_navbar.html.erb (1.3ms)
  Rendered shared/_flashes.html.erb (0.4ms)
Completed 200 OK in 451ms (Views: 131.7ms | ActiveRecord: 0.0ms)


Started GET "/users/sign_up" for 127.0.0.1 at 2019-03-04 17:20:48 +0100
Processing by Devise::RegistrationsController#new as HTML
  Rendering devise/registrations/new.html.erb within layouts/application
  Rendered devise/shared/_links.html.erb (3.3ms)
  Rendered devise/registrations/new.html.erb within layouts/application (17.7ms)
  Rendered shared/_navbar.html.erb (1.4ms)
  Rendered shared/_flashes.html.erb (0.4ms)
Completed 200 OK in 111ms (Views: 108.5ms | ActiveRecord: 0.0ms)


Started POST "/users" for 127.0.0.1 at 2019-03-04 17:21:03 +0100
Processing by Devise::RegistrationsController#create as HTML
  Parameters: {"utf8"=>"✓", "authenticity_token"=>"yZspkJgUTwUj0kG08C3hjCEIcQh6582VY3vpUlFQ6goywKt5drOPEZPpXlFVi28ZZMaapNXTPo+mDTDRxhyITg==", "user"=>{"username"=>"holla", "email"=>"", "password"=>"[FILTERED]", "password_confirmation"=>"[FILTERED]"}, "commit"=>"Sign up"}
  [1m[35m (0.3ms)[0m  [1m[35mBEGIN[0m
  ↳ /Users/guellaty/.rbenv/versions/2.5.3/lib/ruby/gems/2.5.0/gems/activerecord-5.2.2/lib/active_record/log_subscriber.rb:98
  [1m[36mUser Exists (0.9ms)[0m  [1m[34mSELECT  1 AS one FROM "users" WHERE LOWER("users"."username") = LOWER($1) LIMIT $2[0m  [["username", "holla"], ["LIMIT", 1]]
  ↳ /Users/guellaty/.rbenv/versions/2.5.3/lib/ruby/gems/2.5.0/gems/activerecord-5.2.2/lib/active_record/log_subscriber.rb:98
  [1m[35m (1.0ms)[0m  [1m[31mROLLBACK[0m
  ↳ /Users/guellaty/.rbenv/versions/2.5.3/lib/ruby/gems/2.5.0/gems/activerecord-5.2.2/lib/active_record/log_subscriber.rb:98
  Rendering devise/registrations/new.html.erb within layouts/application
  Rendered devise/shared/_links.html.erb (1.5ms)
  Rendered devise/registrations/new.html.erb within layouts/application (14.2ms)
  Rendered shared/_navbar.html.erb (2.9ms)
  Rendered shared/_flashes.html.erb (0.6ms)
Completed 200 OK in 344ms (Views: 111.1ms | ActiveRecord: 19.5ms)


Started GET "/users" for 127.0.0.1 at 2019-03-04 17:30:08 +0100
  
NameError (undefined local variable or method `password_length' for User (call 'User.connection' to establish a connection):Class):
  
app/models/user.rb:12:in `<class:User>'
app/models/user.rb:1:in `<main>'
config/routes.rb:2:in `block in <main>'
config/routes.rb:1:in `<main>'
Started GET "/users" for 127.0.0.1 at 2019-03-04 17:30:27 +0100
  
NameError (undefined local variable or method `protected' for main:Object
Did you mean?  protected_methods):
  
app/models/user.rb:34:in `<main>'
config/routes.rb:2:in `block in <main>'
config/routes.rb:1:in `<main>'
Started GET "/users" for 127.0.0.1 at 2019-03-04 17:30:38 +0100
  
ActionController::RoutingError (No route matches [GET] "/users"):
  
actionpack (5.2.2) lib/action_dispatch/middleware/debug_exceptions.rb:65:in `call'
web-console (3.7.0) lib/web_console/middleware.rb:135:in `call_app'
web-console (3.7.0) lib/web_console/middleware.rb:30:in `block in call'
web-console (3.7.0) lib/web_console/middleware.rb:20:in `catch'
web-console (3.7.0) lib/web_console/middleware.rb:20:in `call'
actionpack (5.2.2) lib/action_dispatch/middleware/show_exceptions.rb:33:in `call'
railties (5.2.2) lib/rails/rack/logger.rb:38:in `call_app'
railties (5.2.2) lib/rails/rack/logger.rb:26:in `block in call'
activesupport (5.2.2) lib/active_support/tagged_logging.rb:71:in `block in tagged'
activesupport (5.2.2) lib/active_support/tagged_logging.rb:28:in `tagged'
activesupport (5.2.2) lib/active_support/tagged_logging.rb:71:in `tagged'
railties (5.2.2) lib/rails/rack/logger.rb:26:in `call'
sprockets-rails (3.2.1) lib/sprockets/rails/quiet_assets.rb:13:in `call'
actionpack (5.2.2) lib/action_dispatch/middleware/remote_ip.rb:81:in `call'
actionpack (5.2.2) lib/action_dispatch/middleware/request_id.rb:27:in `call'
rack (2.0.6) lib/rack/method_override.rb:22:in `call'
rack (2.0.6) lib/rack/runtime.rb:22:in `call'
activesupport (5.2.2) lib/active_support/cache/strategy/local_cache_middleware.rb:29:in `call'
actionpack (5.2.2) lib/action_dispatch/middleware/executor.rb:14:in `call'
actionpack (5.2.2) lib/action_dispatch/middleware/static.rb:127:in `call'
rack (2.0.6) lib/rack/sendfile.rb:111:in `call'
webpacker (3.5.5) lib/webpacker/dev_server_proxy.rb:22:in `perform_request'
rack-proxy (0.6.5) lib/rack/proxy.rb:57:in `call'
railties (5.2.2) lib/rails/engine.rb:524:in `call'
puma (3.12.0) lib/puma/configuration.rb:225:in `call'
puma (3.12.0) lib/puma/server.rb:658:in `handle_request'
puma (3.12.0) lib/puma/server.rb:472:in `process_client'
puma (3.12.0) lib/puma/server.rb:332:in `block in run'
puma (3.12.0) lib/puma/thread_pool.rb:133:in `block in spawn_thread'
Started GET "/users/edit" for 127.0.0.1 at 2019-03-04 17:30:44 +0100
Processing by Devise::RegistrationsController#edit as HTML
Completed 401 Unauthorized in 2ms (ActiveRecord: 0.0ms)


Started GET "/users/sign_in" for 127.0.0.1 at 2019-03-04 17:30:44 +0100
Processing by Devise::SessionsController#new as HTML
  Rendering devise/sessions/new.html.erb within layouts/application
  Rendered devise/shared/_links.html.erb (2.2ms)
  Rendered devise/sessions/new.html.erb within layouts/application (26.5ms)
  Rendered shared/_navbar.html.erb (2.0ms)
  Rendered shared/_flashes.html.erb (0.7ms)
Completed 200 OK in 387ms (Views: 175.2ms | ActiveRecord: 176.7ms)


Started GET "/users/sign_in" for 127.0.0.1 at 2019-03-04 17:30:46 +0100
Processing by Devise::SessionsController#new as HTML
  Rendering devise/sessions/new.html.erb within layouts/application
  Rendered devise/shared/_links.html.erb (4.1ms)
  Rendered devise/sessions/new.html.erb within layouts/application (19.9ms)
  Rendered shared/_navbar.html.erb (1.9ms)
  Rendered shared/_flashes.html.erb (0.7ms)
Completed 200 OK in 122ms (Views: 120.5ms | ActiveRecord: 0.0ms)


Started GET "/users/sign_up" for 127.0.0.1 at 2019-03-04 17:30:51 +0100
Processing by Devise::RegistrationsController#new as HTML
  Rendering devise/registrations/new.html.erb within layouts/application
  Rendered devise/shared/_links.html.erb (2.2ms)
  Rendered devise/registrations/new.html.erb within layouts/application (23.2ms)
  Rendered shared/_navbar.html.erb (1.3ms)
  Rendered shared/_flashes.html.erb (0.6ms)
Completed 200 OK in 111ms (Views: 108.5ms | ActiveRecord: 0.0ms)


Started POST "/users" for 127.0.0.1 at 2019-03-04 17:31:02 +0100
Processing by Devise::RegistrationsController#create as HTML
  Parameters: {"utf8"=>"✓", "authenticity_token"=>"c6IqIFgbB/Guce4xuv1jOCjXT6Naxm543HUxF3cdl1SI+ajJtrzH5R5K8dQfW+2tbRmkD/XynWIZA+iU4FH1EA==", "user"=>{"username"=>"holla", "email"=>"", "password"=>"[FILTERED]", "password_confirmation"=>"[FILTERED]"}, "commit"=>"Sign up"}
  [1m[35m (0.3ms)[0m  [1m[35mBEGIN[0m
  ↳ /Users/guellaty/.rbenv/versions/2.5.3/lib/ruby/gems/2.5.0/gems/activerecord-5.2.2/lib/active_record/log_subscriber.rb:98
  [1m[36mUser Exists (3.7ms)[0m  [1m[34mSELECT  1 AS one FROM "users" WHERE LOWER("users"."username") = LOWER($1) LIMIT $2[0m  [["username", "holla"], ["LIMIT", 1]]
  ↳ /Users/guellaty/.rbenv/versions/2.5.3/lib/ruby/gems/2.5.0/gems/activerecord-5.2.2/lib/active_record/log_subscriber.rb:98
  [1m[35m (0.4ms)[0m  [1m[31mROLLBACK[0m
  ↳ /Users/guellaty/.rbenv/versions/2.5.3/lib/ruby/gems/2.5.0/gems/activerecord-5.2.2/lib/active_record/log_subscriber.rb:98
Completed 500 Internal Server Error in 263ms (ActiveRecord: 32.2ms)


  
NoMethodError (undefined method `password_required?' for #<User:0x00007f9367c62ad0>
Did you mean?  password_digest):
  
activemodel (5.2.2) lib/active_model/attribute_methods.rb:430:in `method_missing'
activesupport (5.2.2) lib/active_support/callbacks.rb:426:in `block in make_lambda'
activesupport (5.2.2) lib/active_support/callbacks.rb:178:in `block (2 levels) in halting_and_conditional'
activesupport (5.2.2) lib/active_support/callbacks.rb:178:in `each'
activesupport (5.2.2) lib/active_support/callbacks.rb:178:in `all?'
activesupport (5.2.2) lib/active_support/callbacks.rb:178:in `block in halting_and_conditional'
activesupport (5.2.2) lib/active_support/callbacks.rb:513:in `block in invoke_before'
activesupport (5.2.2) lib/active_support/callbacks.rb:513:in `each'
activesupport (5.2.2) lib/active_support/callbacks.rb:513:in `invoke_before'
activesupport (5.2.2) lib/active_support/callbacks.rb:131:in `run_callbacks'
activesupport (5.2.2) lib/active_support/callbacks.rb:816:in `_run_validate_callbacks'
activemodel (5.2.2) lib/active_model/validations.rb:409:in `run_validations!'
activemodel (5.2.2) lib/active_model/validations/callbacks.rb:118:in `block in run_validations!'
activesupport (5.2.2) lib/active_support/callbacks.rb:132:in `run_callbacks'
activesupport (5.2.2) lib/active_support/callbacks.rb:816:in `_run_validation_callbacks'
activemodel (5.2.2) lib/active_model/validations/callbacks.rb:118:in `run_validations!'
activemodel (5.2.2) lib/active_model/validations.rb:339:in `valid?'
activerecord (5.2.2) lib/active_record/validations.rb:67:in `valid?'
activerecord (5.2.2) lib/active_record/validations.rb:84:in `perform_validations'
activerecord (5.2.2) lib/active_record/validations.rb:46:in `save'
activerecord (5.2.2) lib/active_record/transactions.rb:310:in `block (2 levels) in save'
activerecord (5.2.2) lib/active_record/transactions.rb:387:in `block in with_transaction_returning_status'
activerecord (5.2.2) lib/active_record/connection_adapters/abstract/database_statements.rb:259:in `block in transaction'
activerecord (5.2.2) lib/active_record/connection_adapters/abstract/transaction.rb:239:in `block in within_new_transaction'
/Users/guellaty/.rbenv/versions/2.5.3/lib/ruby/2.5.0/monitor.rb:226:in `mon_synchronize'
activerecord (5.2.2) lib/active_record/connection_adapters/abstract/transaction.rb:236:in `within_new_transaction'
activerecord (5.2.2) lib/active_record/connection_adapters/abstract/database_statements.rb:259:in `transaction'
activerecord (5.2.2) lib/active_record/transactions.rb:212:in `transaction'
activerecord (5.2.2) lib/active_record/transactions.rb:385:in `with_transaction_returning_status'
activerecord (5.2.2) lib/active_record/transactions.rb:310:in `block in save'
activerecord (5.2.2) lib/active_record/transactions.rb:325:in `rollback_active_record_state!'
activerecord (5.2.2) lib/active_record/transactions.rb:309:in `save'
activerecord (5.2.2) lib/active_record/suppressor.rb:44:in `save'
devise (4.6.1) app/controllers/devise/registrations_controller.rb:19:in `create'
actionpack (5.2.2) lib/action_controller/metal/basic_implicit_render.rb:6:in `send_action'
actionpack (5.2.2) lib/abstract_controller/base.rb:194:in `process_action'
actionpack (5.2.2) lib/action_controller/metal/rendering.rb:30:in `process_action'
actionpack (5.2.2) lib/abstract_controller/callbacks.rb:42:in `block in process_action'
activesupport (5.2.2) lib/active_support/callbacks.rb:132:in `run_callbacks'
actionpack (5.2.2) lib/abstract_controller/callbacks.rb:41:in `process_action'
actionpack (5.2.2) lib/action_controller/metal/rescue.rb:22:in `process_action'
actionpack (5.2.2) lib/action_controller/metal/instrumentation.rb:34:in `block in process_action'
activesupport (5.2.2) lib/active_support/notifications.rb:168:in `block in instrument'
activesupport (5.2.2) lib/active_support/notifications/instrumenter.rb:23:in `instrument'
activesupport (5.2.2) lib/active_support/notifications.rb:168:in `instrument'
actionpack (5.2.2) lib/action_controller/metal/instrumentation.rb:32:in `process_action'
actionpack (5.2.2) lib/action_controller/metal/params_wrapper.rb:256:in `process_action'
activerecord (5.2.2) lib/active_record/railties/controller_runtime.rb:24:in `process_action'
actionpack (5.2.2) lib/abstract_controller/base.rb:134:in `process'
actionview (5.2.2) lib/action_view/rendering.rb:32:in `process'
actionpack (5.2.2) lib/action_controller/metal.rb:191:in `dispatch'
actionpack (5.2.2) lib/action_controller/metal.rb:252:in `dispatch'
actionpack (5.2.2) lib/action_dispatch/routing/route_set.rb:52:in `dispatch'
actionpack (5.2.2) lib/action_dispatch/routing/route_set.rb:34:in `serve'
actionpack (5.2.2) lib/action_dispatch/routing/mapper.rb:18:in `block in <class:Constraints>'
actionpack (5.2.2) lib/action_dispatch/routing/mapper.rb:48:in `serve'
actionpack (5.2.2) lib/action_dispatch/journey/router.rb:52:in `block in serve'
actionpack (5.2.2) lib/action_dispatch/journey/router.rb:35:in `each'
actionpack (5.2.2) lib/action_dispatch/journey/router.rb:35:in `serve'
actionpack (5.2.2) lib/action_dispatch/routing/route_set.rb:840:in `call'
warden (1.2.8) lib/warden/manager.rb:36:in `block in call'
warden (1.2.8) lib/warden/manager.rb:34:in `catch'
warden (1.2.8) lib/warden/manager.rb:34:in `call'
rack (2.0.6) lib/rack/tempfile_reaper.rb:15:in `call'
rack (2.0.6) lib/rack/etag.rb:25:in `call'
rack (2.0.6) lib/rack/conditional_get.rb:38:in `call'
rack (2.0.6) lib/rack/head.rb:12:in `call'
actionpack (5.2.2) lib/action_dispatch/http/content_security_policy.rb:18:in `call'
rack (2.0.6) lib/rack/session/abstract/id.rb:232:in `context'
rack (2.0.6) lib/rack/session/abstract/id.rb:226:in `call'
actionpack (5.2.2) lib/action_dispatch/middleware/cookies.rb:670:in `call'
activerecord (5.2.2) lib/active_record/migration.rb:559:in `call'
actionpack (5.2.2) lib/action_dispatch/middleware/callbacks.rb:28:in `block in call'
activesupport (5.2.2) lib/active_support/callbacks.rb:98:in `run_callbacks'
actionpack (5.2.2) lib/action_dispatch/middleware/callbacks.rb:26:in `call'
actionpack (5.2.2) lib/action_dispatch/middleware/executor.rb:14:in `call'
actionpack (5.2.2) lib/action_dispatch/middleware/debug_exceptions.rb:61:in `call'
web-console (3.7.0) lib/web_console/middleware.rb:135:in `call_app'
web-console (3.7.0) lib/web_console/middleware.rb:30:in `block in call'
web-console (3.7.0) lib/web_console/middleware.rb:20:in `catch'
web-console (3.7.0) lib/web_console/middleware.rb:20:in `call'
actionpack (5.2.2) lib/action_dispatch/middleware/show_exceptions.rb:33:in `call'
railties (5.2.2) lib/rails/rack/logger.rb:38:in `call_app'
railties (5.2.2) lib/rails/rack/logger.rb:26:in `block in call'
activesupport (5.2.2) lib/active_support/tagged_logging.rb:71:in `block in tagged'
activesupport (5.2.2) lib/active_support/tagged_logging.rb:28:in `tagged'
activesupport (5.2.2) lib/active_support/tagged_logging.rb:71:in `tagged'
railties (5.2.2) lib/rails/rack/logger.rb:26:in `call'
sprockets-rails (3.2.1) lib/sprockets/rails/quiet_assets.rb:13:in `call'
actionpack (5.2.2) lib/action_dispatch/middleware/remote_ip.rb:81:in `call'
actionpack (5.2.2) lib/action_dispatch/middleware/request_id.rb:27:in `call'
rack (2.0.6) lib/rack/method_override.rb:22:in `call'
rack (2.0.6) lib/rack/runtime.rb:22:in `call'
activesupport (5.2.2) lib/active_support/cache/strategy/local_cache_middleware.rb:29:in `call'
actionpack (5.2.2) lib/action_dispatch/middleware/executor.rb:14:in `call'
actionpack (5.2.2) lib/action_dispatch/middleware/static.rb:127:in `call'
rack (2.0.6) lib/rack/sendfile.rb:111:in `call'
webpacker (3.5.5) lib/webpacker/dev_server_proxy.rb:22:in `perform_request'
rack-proxy (0.6.5) lib/rack/proxy.rb:57:in `call'
railties (5.2.2) lib/rails/engine.rb:524:in `call'
puma (3.12.0) lib/puma/configuration.rb:225:in `call'
puma (3.12.0) lib/puma/server.rb:658:in `handle_request'
puma (3.12.0) lib/puma/server.rb:472:in `process_client'
puma (3.12.0) lib/puma/server.rb:332:in `block in run'
puma (3.12.0) lib/puma/thread_pool.rb:133:in `block in spawn_thread'
Started POST "/users" for 127.0.0.1 at 2019-03-04 17:31:37 +0100
Processing by Devise::RegistrationsController#create as HTML
  Parameters: {"utf8"=>"✓", "authenticity_token"=>"/Y1BGr16dehOziZkTV0zHrtqRdr0zOXD/EUeSe63BJWd9k66up4VdWGyROhPvCof0Dfeo6Ttq0rmb5SmJIWXUA==", "user"=>{"username"=>"holla", "email"=>"", "password"=>"[FILTERED]", "password_confirmation"=>"[FILTERED]"}, "commit"=>"Sign up"}
  [1m[35m (0.2ms)[0m  [1m[35mBEGIN[0m
  ↳ /Users/guellaty/.rbenv/versions/2.5.3/lib/ruby/gems/2.5.0/gems/activerecord-5.2.2/lib/active_record/log_subscriber.rb:98
  [1m[36mUser Exists (0.8ms)[0m  [1m[34mSELECT  1 AS one FROM "users" WHERE LOWER("users"."username") = LOWER($1) LIMIT $2[0m  [["username", "holla"], ["LIMIT", 1]]
  ↳ /Users/guellaty/.rbenv/versions/2.5.3/lib/ruby/gems/2.5.0/gems/activerecord-5.2.2/lib/active_record/log_subscriber.rb:98
  [1m[36mUser Create (21.2ms)[0m  [1m[32mINSERT INTO "users" ("encrypted_password", "created_at", "updated_at", "username") VALUES ($1, $2, $3, $4) RETURNING "id"[0m  [["encrypted_password", "$2a$11$KQD8N4czPbfXQm3N/dEfOubTT/9LlgWCrVBhGo3wFQlbChu7IaXBW"], ["created_at", "2019-03-04 16:31:38.269310"], ["updated_at", "2019-03-04 16:31:38.269310"], ["username", "holla"]]
  ↳ /Users/guellaty/.rbenv/versions/2.5.3/lib/ruby/gems/2.5.0/gems/activerecord-5.2.2/lib/active_record/log_subscriber.rb:98
  [1m[35m (1.7ms)[0m  [1m[35mCOMMIT[0m
  ↳ /Users/guellaty/.rbenv/versions/2.5.3/lib/ruby/gems/2.5.0/gems/activerecord-5.2.2/lib/active_record/log_subscriber.rb:98
Redirected to http://localhost:3000/users/edit
Completed 302 Found in 251ms (ActiveRecord: 30.7ms)


Started GET "/users/sign_in" for 127.0.0.1 at 2019-03-04 17:31:38 +0100
Processing by Devise::SessionsController#new as HTML
  [1m[36mUser Load (0.9ms)[0m  [1m[34mSELECT  "users".* FROM "users" WHERE "users"."id" = $1 ORDER BY "users"."id" ASC LIMIT $2[0m  [["id", 1], ["LIMIT", 1]]
  ↳ /Users/guellaty/.rbenv/versions/2.5.3/lib/ruby/gems/2.5.0/gems/activerecord-5.2.2/lib/active_record/log_subscriber.rb:98
Redirected to http://localhost:3000/
Filter chain halted as :require_no_authentication rendered or redirected
Completed 302 Found in 12ms (ActiveRecord: 0.9ms)


Started GET "/" for 127.0.0.1 at 2019-03-04 17:31:38 +0100
Processing by Rails::WelcomeController#index as HTML
  Rendering /Users/guellaty/.rbenv/versions/2.5.3/lib/ruby/gems/2.5.0/gems/railties-5.2.2/lib/rails/templates/rails/welcome/index.html.erb
  Rendered /Users/guellaty/.rbenv/versions/2.5.3/lib/ruby/gems/2.5.0/gems/railties-5.2.2/lib/rails/templates/rails/welcome/index.html.erb (5.0ms)
Completed 200 OK in 31ms (Views: 13.6ms | ActiveRecord: 0.0ms)


  [1m[35m (3.7ms)[0m  [1m[34mSELECT COUNT(*) FROM "users"[0m
  [1m[36mUser Load (1.0ms)[0m  [1m[34mSELECT  "users".* FROM "users" ORDER BY "users"."id" DESC LIMIT $1[0m  [["LIMIT", 1]]
Started GET "/sign_in" for 127.0.0.1 at 2019-03-04 17:32:14 +0100
  
ActionController::RoutingError (No route matches [GET] "/sign_in"):
  
actionpack (5.2.2) lib/action_dispatch/middleware/debug_exceptions.rb:65:in `call'
web-console (3.7.0) lib/web_console/middleware.rb:135:in `call_app'
web-console (3.7.0) lib/web_console/middleware.rb:30:in `block in call'
web-console (3.7.0) lib/web_console/middleware.rb:20:in `catch'
web-console (3.7.0) lib/web_console/middleware.rb:20:in `call'
actionpack (5.2.2) lib/action_dispatch/middleware/show_exceptions.rb:33:in `call'
railties (5.2.2) lib/rails/rack/logger.rb:38:in `call_app'
railties (5.2.2) lib/rails/rack/logger.rb:26:in `block in call'
activesupport (5.2.2) lib/active_support/tagged_logging.rb:71:in `block in tagged'
activesupport (5.2.2) lib/active_support/tagged_logging.rb:28:in `tagged'
activesupport (5.2.2) lib/active_support/tagged_logging.rb:71:in `tagged'
railties (5.2.2) lib/rails/rack/logger.rb:26:in `call'
sprockets-rails (3.2.1) lib/sprockets/rails/quiet_assets.rb:13:in `call'
actionpack (5.2.2) lib/action_dispatch/middleware/remote_ip.rb:81:in `call'
actionpack (5.2.2) lib/action_dispatch/middleware/request_id.rb:27:in `call'
rack (2.0.6) lib/rack/method_override.rb:22:in `call'
rack (2.0.6) lib/rack/runtime.rb:22:in `call'
activesupport (5.2.2) lib/active_support/cache/strategy/local_cache_middleware.rb:29:in `call'
actionpack (5.2.2) lib/action_dispatch/middleware/executor.rb:14:in `call'
actionpack (5.2.2) lib/action_dispatch/middleware/static.rb:127:in `call'
rack (2.0.6) lib/rack/sendfile.rb:111:in `call'
webpacker (3.5.5) lib/webpacker/dev_server_proxy.rb:22:in `perform_request'
rack-proxy (0.6.5) lib/rack/proxy.rb:57:in `call'
railties (5.2.2) lib/rails/engine.rb:524:in `call'
puma (3.12.0) lib/puma/configuration.rb:225:in `call'
puma (3.12.0) lib/puma/server.rb:658:in `handle_request'
puma (3.12.0) lib/puma/server.rb:472:in `process_client'
puma (3.12.0) lib/puma/server.rb:332:in `block in run'
puma (3.12.0) lib/puma/thread_pool.rb:133:in `block in spawn_thread'
Started GET "/users/sign_in" for 127.0.0.1 at 2019-03-04 17:32:20 +0100
Processing by Devise::SessionsController#new as HTML
  [1m[36mUser Load (9.3ms)[0m  [1m[34mSELECT  "users".* FROM "users" WHERE "users"."id" = $1 ORDER BY "users"."id" ASC LIMIT $2[0m  [["id", 1], ["LIMIT", 1]]
  ↳ /Users/guellaty/.rbenv/versions/2.5.3/lib/ruby/gems/2.5.0/gems/activerecord-5.2.2/lib/active_record/log_subscriber.rb:98
Redirected to http://localhost:3000/
Filter chain halted as :require_no_authentication rendered or redirected
Completed 302 Found in 44ms (ActiveRecord: 9.3ms)


Started GET "/" for 127.0.0.1 at 2019-03-04 17:32:20 +0100
Processing by Rails::WelcomeController#index as HTML
  Rendering /Users/guellaty/.rbenv/versions/2.5.3/lib/ruby/gems/2.5.0/gems/railties-5.2.2/lib/rails/templates/rails/welcome/index.html.erb
  Rendered /Users/guellaty/.rbenv/versions/2.5.3/lib/ruby/gems/2.5.0/gems/railties-5.2.2/lib/rails/templates/rails/welcome/index.html.erb (4.1ms)
Completed 200 OK in 25ms (Views: 16.3ms | ActiveRecord: 0.0ms)


Started GET "/users/sign_up" for 127.0.0.1 at 2019-03-04 17:32:33 +0100
Processing by Devise::RegistrationsController#new as HTML
  [1m[36mUser Load (0.8ms)[0m  [1m[34mSELECT  "users".* FROM "users" WHERE "users"."id" = $1 ORDER BY "users"."id" ASC LIMIT $2[0m  [["id", 1], ["LIMIT", 1]]
  ↳ /Users/guellaty/.rbenv/versions/2.5.3/lib/ruby/gems/2.5.0/gems/activerecord-5.2.2/lib/active_record/log_subscriber.rb:98
Redirected to http://localhost:3000/
Filter chain halted as :require_no_authentication rendered or redirected
Completed 302 Found in 9ms (ActiveRecord: 0.8ms)


Started GET "/" for 127.0.0.1 at 2019-03-04 17:32:33 +0100
Processing by Rails::WelcomeController#index as HTML
  Rendering /Users/guellaty/.rbenv/versions/2.5.3/lib/ruby/gems/2.5.0/gems/railties-5.2.2/lib/rails/templates/rails/welcome/index.html.erb
  Rendered /Users/guellaty/.rbenv/versions/2.5.3/lib/ruby/gems/2.5.0/gems/railties-5.2.2/lib/rails/templates/rails/welcome/index.html.erb (4.5ms)
Completed 200 OK in 38ms (Views: 11.7ms | ActiveRecord: 0.0ms)


Started GET "/users/sing_in" for 127.0.0.1 at 2019-03-04 17:32:40 +0100
  
ActionController::RoutingError (No route matches [GET] "/users/sing_in"):
  
actionpack (5.2.2) lib/action_dispatch/middleware/debug_exceptions.rb:65:in `call'
web-console (3.7.0) lib/web_console/middleware.rb:135:in `call_app'
web-console (3.7.0) lib/web_console/middleware.rb:30:in `block in call'
web-console (3.7.0) lib/web_console/middleware.rb:20:in `catch'
web-console (3.7.0) lib/web_console/middleware.rb:20:in `call'
actionpack (5.2.2) lib/action_dispatch/middleware/show_exceptions.rb:33:in `call'
railties (5.2.2) lib/rails/rack/logger.rb:38:in `call_app'
railties (5.2.2) lib/rails/rack/logger.rb:26:in `block in call'
activesupport (5.2.2) lib/active_support/tagged_logging.rb:71:in `block in tagged'
activesupport (5.2.2) lib/active_support/tagged_logging.rb:28:in `tagged'
activesupport (5.2.2) lib/active_support/tagged_logging.rb:71:in `tagged'
railties (5.2.2) lib/rails/rack/logger.rb:26:in `call'
sprockets-rails (3.2.1) lib/sprockets/rails/quiet_assets.rb:13:in `call'
actionpack (5.2.2) lib/action_dispatch/middleware/remote_ip.rb:81:in `call'
actionpack (5.2.2) lib/action_dispatch/middleware/request_id.rb:27:in `call'
rack (2.0.6) lib/rack/method_override.rb:22:in `call'
rack (2.0.6) lib/rack/runtime.rb:22:in `call'
activesupport (5.2.2) lib/active_support/cache/strategy/local_cache_middleware.rb:29:in `call'
actionpack (5.2.2) lib/action_dispatch/middleware/executor.rb:14:in `call'
actionpack (5.2.2) lib/action_dispatch/middleware/static.rb:127:in `call'
rack (2.0.6) lib/rack/sendfile.rb:111:in `call'
webpacker (3.5.5) lib/webpacker/dev_server_proxy.rb:22:in `perform_request'
rack-proxy (0.6.5) lib/rack/proxy.rb:57:in `call'
railties (5.2.2) lib/rails/engine.rb:524:in `call'
puma (3.12.0) lib/puma/configuration.rb:225:in `call'
puma (3.12.0) lib/puma/server.rb:658:in `handle_request'
puma (3.12.0) lib/puma/server.rb:472:in `process_client'
puma (3.12.0) lib/puma/server.rb:332:in `block in run'
puma (3.12.0) lib/puma/thread_pool.rb:133:in `block in spawn_thread'
Started GET "/users/sign_in" for 127.0.0.1 at 2019-03-04 17:32:45 +0100
Processing by Devise::SessionsController#new as HTML
  [1m[36mUser Load (2.2ms)[0m  [1m[34mSELECT  "users".* FROM "users" WHERE "users"."id" = $1 ORDER BY "users"."id" ASC LIMIT $2[0m  [["id", 1], ["LIMIT", 1]]
  ↳ /Users/guellaty/.rbenv/versions/2.5.3/lib/ruby/gems/2.5.0/gems/activerecord-5.2.2/lib/active_record/log_subscriber.rb:98
Redirected to http://localhost:3000/
Filter chain halted as :require_no_authentication rendered or redirected
Completed 302 Found in 8ms (ActiveRecord: 2.2ms)


Started GET "/" for 127.0.0.1 at 2019-03-04 17:32:45 +0100
Processing by Rails::WelcomeController#index as HTML
  Rendering /Users/guellaty/.rbenv/versions/2.5.3/lib/ruby/gems/2.5.0/gems/railties-5.2.2/lib/rails/templates/rails/welcome/index.html.erb
  Rendered /Users/guellaty/.rbenv/versions/2.5.3/lib/ruby/gems/2.5.0/gems/railties-5.2.2/lib/rails/templates/rails/welcome/index.html.erb (8.0ms)
Completed 200 OK in 21ms (Views: 13.5ms | ActiveRecord: 0.0ms)


  [1m[36mUser Load (1.2ms)[0m  [1m[34mSELECT  "users".* FROM "users" ORDER BY "users"."id" DESC LIMIT $1[0m  [["LIMIT", 1]]
  [1m[35m (0.2ms)[0m  [1m[35mBEGIN[0m
  [1m[36mUser Destroy (19.5ms)[0m  [1m[31mDELETE FROM "users" WHERE "users"."id" = $1[0m  [["id", 1]]
  [1m[35m (10.5ms)[0m  [1m[35mCOMMIT[0m
Started GET "/" for 127.0.0.1 at 2019-03-04 17:32:57 +0100
Processing by Rails::WelcomeController#index as HTML
  Rendering /Users/guellaty/.rbenv/versions/2.5.3/lib/ruby/gems/2.5.0/gems/railties-5.2.2/lib/rails/templates/rails/welcome/index.html.erb
  Rendered /Users/guellaty/.rbenv/versions/2.5.3/lib/ruby/gems/2.5.0/gems/railties-5.2.2/lib/rails/templates/rails/welcome/index.html.erb (5.2ms)
Completed 200 OK in 19ms (Views: 11.1ms | ActiveRecord: 0.0ms)


Started GET "/users/sign_in" for 127.0.0.1 at 2019-03-04 17:33:04 +0100
Processing by Devise::SessionsController#new as HTML
  [1m[36mUser Load (0.9ms)[0m  [1m[34mSELECT  "users".* FROM "users" WHERE "users"."id" = $1 ORDER BY "users"."id" ASC LIMIT $2[0m  [["id", 1], ["LIMIT", 1]]
  ↳ /Users/guellaty/.rbenv/versions/2.5.3/lib/ruby/gems/2.5.0/gems/activerecord-5.2.2/lib/active_record/log_subscriber.rb:98
  Rendering devise/sessions/new.html.erb within layouts/application
  Rendered devise/shared/_links.html.erb (1.7ms)
  Rendered devise/sessions/new.html.erb within layouts/application (39.0ms)
  Rendered shared/_navbar.html.erb (4.3ms)
  Rendered shared/_flashes.html.erb (0.9ms)
Completed 200 OK in 249ms (Views: 239.6ms | ActiveRecord: 0.9ms)


Started GET "/users/sign_up" for 127.0.0.1 at 2019-03-04 17:33:19 +0100
Processing by Devise::RegistrationsController#new as HTML
  Rendering devise/registrations/new.html.erb within layouts/application
  Rendered devise/shared/_links.html.erb (1.6ms)
  Rendered devise/registrations/new.html.erb within layouts/application (14.9ms)
  Rendered shared/_navbar.html.erb (1.6ms)
  Rendered shared/_flashes.html.erb (0.5ms)
Completed 200 OK in 107ms (Views: 105.2ms | ActiveRecord: 0.0ms)


Started GET "/users/sign_in" for 127.0.0.1 at 2019-03-04 17:33:32 +0100
Processing by Devise::SessionsController#new as HTML
  Rendering devise/sessions/new.html.erb within layouts/application
  Rendered devise/shared/_links.html.erb (2.2ms)
  Rendered devise/sessions/new.html.erb within layouts/application (37.7ms)
  Rendered shared/_navbar.html.erb (1.4ms)
  Rendered shared/_flashes.html.erb (1.0ms)
Completed 200 OK in 169ms (Views: 166.6ms | ActiveRecord: 0.0ms)


Started GET "/users/sign_up" for 127.0.0.1 at 2019-03-04 17:33:40 +0100
Processing by Devise::RegistrationsController#new as HTML
  Rendering devise/registrations/new.html.erb within layouts/application
  Rendered devise/shared/_links.html.erb (1.5ms)
  Rendered devise/registrations/new.html.erb within layouts/application (19.8ms)
  Rendered shared/_navbar.html.erb (1.6ms)
  Rendered shared/_flashes.html.erb (0.9ms)
Completed 200 OK in 139ms (Views: 137.0ms | ActiveRecord: 0.0ms)


Started POST "/users" for 127.0.0.1 at 2019-03-04 17:33:50 +0100
Processing by Devise::RegistrationsController#create as HTML
  Parameters: {"utf8"=>"✓", "authenticity_token"=>"hecDxS3CXOBMdD/6nA127iiIj0u9lEyJKBm0uh8mGGh+vIEsw2Wc9PxPIB85q/h7bUZk5xKgv5Ptb205iGp6LA==", "user"=>{"username"=>"holla", "email"=>"", "password"=>"[FILTERED]", "password_confirmation"=>"[FILTERED]"}, "commit"=>"Sign up"}
  [1m[35m (0.2ms)[0m  [1m[35mBEGIN[0m
  ↳ /Users/guellaty/.rbenv/versions/2.5.3/lib/ruby/gems/2.5.0/gems/activerecord-5.2.2/lib/active_record/log_subscriber.rb:98
  [1m[36mUser Exists (0.7ms)[0m  [1m[34mSELECT  1 AS one FROM "users" WHERE LOWER("users"."username") = LOWER($1) LIMIT $2[0m  [["username", "holla"], ["LIMIT", 1]]
  ↳ /Users/guellaty/.rbenv/versions/2.5.3/lib/ruby/gems/2.5.0/gems/activerecord-5.2.2/lib/active_record/log_subscriber.rb:98
  [1m[36mUser Create (7.5ms)[0m  [1m[32mINSERT INTO "users" ("encrypted_password", "created_at", "updated_at", "username") VALUES ($1, $2, $3, $4) RETURNING "id"[0m  [["encrypted_password", "$2a$11$m9QRpUYzAU606kh2m/FLz.MgfeOkhnLDq9ngHSIS1M5eUN7Bf9vW."], ["created_at", "2019-03-04 16:33:50.364388"], ["updated_at", "2019-03-04 16:33:50.364388"], ["username", "holla"]]
  ↳ /Users/guellaty/.rbenv/versions/2.5.3/lib/ruby/gems/2.5.0/gems/activerecord-5.2.2/lib/active_record/log_subscriber.rb:98
  [1m[35m (1.7ms)[0m  [1m[35mCOMMIT[0m
  ↳ /Users/guellaty/.rbenv/versions/2.5.3/lib/ruby/gems/2.5.0/gems/activerecord-5.2.2/lib/active_record/log_subscriber.rb:98
Redirected to http://localhost:3000/
Completed 302 Found in 227ms (ActiveRecord: 10.2ms)


Started GET "/" for 127.0.0.1 at 2019-03-04 17:33:50 +0100
Processing by Rails::WelcomeController#index as HTML
  Rendering /Users/guellaty/.rbenv/versions/2.5.3/lib/ruby/gems/2.5.0/gems/railties-5.2.2/lib/rails/templates/rails/welcome/index.html.erb
  Rendered /Users/guellaty/.rbenv/versions/2.5.3/lib/ruby/gems/2.5.0/gems/railties-5.2.2/lib/rails/templates/rails/welcome/index.html.erb (7.9ms)
Completed 200 OK in 36ms (Views: 16.3ms | ActiveRecord: 0.0ms)


  [1m[36mUser Load (1.8ms)[0m  [1m[34mSELECT  "users".* FROM "users" LIMIT $1[0m  [["LIMIT", 11]]
Started GET "/sign_up" for 127.0.0.1 at 2019-03-04 17:34:58 +0100
  
ActionController::RoutingError (No route matches [GET] "/sign_up"):
  
actionpack (5.2.2) lib/action_dispatch/middleware/debug_exceptions.rb:65:in `call'
web-console (3.7.0) lib/web_console/middleware.rb:135:in `call_app'
web-console (3.7.0) lib/web_console/middleware.rb:30:in `block in call'
web-console (3.7.0) lib/web_console/middleware.rb:20:in `catch'
web-console (3.7.0) lib/web_console/middleware.rb:20:in `call'
actionpack (5.2.2) lib/action_dispatch/middleware/show_exceptions.rb:33:in `call'
railties (5.2.2) lib/rails/rack/logger.rb:38:in `call_app'
railties (5.2.2) lib/rails/rack/logger.rb:26:in `block in call'
activesupport (5.2.2) lib/active_support/tagged_logging.rb:71:in `block in tagged'
activesupport (5.2.2) lib/active_support/tagged_logging.rb:28:in `tagged'
activesupport (5.2.2) lib/active_support/tagged_logging.rb:71:in `tagged'
railties (5.2.2) lib/rails/rack/logger.rb:26:in `call'
sprockets-rails (3.2.1) lib/sprockets/rails/quiet_assets.rb:13:in `call'
actionpack (5.2.2) lib/action_dispatch/middleware/remote_ip.rb:81:in `call'
actionpack (5.2.2) lib/action_dispatch/middleware/request_id.rb:27:in `call'
rack (2.0.6) lib/rack/method_override.rb:22:in `call'
rack (2.0.6) lib/rack/runtime.rb:22:in `call'
activesupport (5.2.2) lib/active_support/cache/strategy/local_cache_middleware.rb:29:in `call'
actionpack (5.2.2) lib/action_dispatch/middleware/executor.rb:14:in `call'
actionpack (5.2.2) lib/action_dispatch/middleware/static.rb:127:in `call'
rack (2.0.6) lib/rack/sendfile.rb:111:in `call'
webpacker (3.5.5) lib/webpacker/dev_server_proxy.rb:22:in `perform_request'
rack-proxy (0.6.5) lib/rack/proxy.rb:57:in `call'
railties (5.2.2) lib/rails/engine.rb:524:in `call'
puma (3.12.0) lib/puma/configuration.rb:225:in `call'
puma (3.12.0) lib/puma/server.rb:658:in `handle_request'
puma (3.12.0) lib/puma/server.rb:472:in `process_client'
puma (3.12.0) lib/puma/server.rb:332:in `block in run'
puma (3.12.0) lib/puma/thread_pool.rb:133:in `block in spawn_thread'
Started GET "/users/sign_up" for 127.0.0.1 at 2019-03-04 17:35:03 +0100
Processing by Devise::RegistrationsController#new as HTML
  [1m[36mUser Load (1.0ms)[0m  [1m[34mSELECT  "users".* FROM "users" WHERE "users"."id" = $1 ORDER BY "users"."id" ASC LIMIT $2[0m  [["id", 2], ["LIMIT", 1]]
  ↳ /Users/guellaty/.rbenv/versions/2.5.3/lib/ruby/gems/2.5.0/gems/activerecord-5.2.2/lib/active_record/log_subscriber.rb:98
Redirected to http://localhost:3000/
Filter chain halted as :require_no_authentication rendered or redirected
Completed 302 Found in 7ms (ActiveRecord: 1.0ms)


Started GET "/" for 127.0.0.1 at 2019-03-04 17:35:03 +0100
Processing by Rails::WelcomeController#index as HTML
  Rendering /Users/guellaty/.rbenv/versions/2.5.3/lib/ruby/gems/2.5.0/gems/railties-5.2.2/lib/rails/templates/rails/welcome/index.html.erb
  Rendered /Users/guellaty/.rbenv/versions/2.5.3/lib/ruby/gems/2.5.0/gems/railties-5.2.2/lib/rails/templates/rails/welcome/index.html.erb (3.6ms)
Completed 200 OK in 18ms (Views: 9.1ms | ActiveRecord: 0.0ms)


Started GET "/users/sign_in" for 127.0.0.1 at 2019-03-04 17:35:11 +0100
Processing by Devise::SessionsController#new as HTML
  [1m[36mUser Load (2.5ms)[0m  [1m[34mSELECT  "users".* FROM "users" WHERE "users"."id" = $1 ORDER BY "users"."id" ASC LIMIT $2[0m  [["id", 2], ["LIMIT", 1]]
  ↳ /Users/guellaty/.rbenv/versions/2.5.3/lib/ruby/gems/2.5.0/gems/activerecord-5.2.2/lib/active_record/log_subscriber.rb:98
Redirected to http://localhost:3000/
Filter chain halted as :require_no_authentication rendered or redirected
Completed 302 Found in 10ms (ActiveRecord: 2.5ms)


Started GET "/" for 127.0.0.1 at 2019-03-04 17:35:11 +0100
Processing by Rails::WelcomeController#index as HTML
  Rendering /Users/guellaty/.rbenv/versions/2.5.3/lib/ruby/gems/2.5.0/gems/railties-5.2.2/lib/rails/templates/rails/welcome/index.html.erb
  Rendered /Users/guellaty/.rbenv/versions/2.5.3/lib/ruby/gems/2.5.0/gems/railties-5.2.2/lib/rails/templates/rails/welcome/index.html.erb (10.1ms)
Completed 200 OK in 36ms (Views: 17.8ms | ActiveRecord: 0.0ms)


  [1m[36mUser Load (4.3ms)[0m  [1m[34mSELECT  "users".* FROM "users" ORDER BY "users"."id" DESC LIMIT $1[0m  [["LIMIT", 1]]
  [1m[35m (0.3ms)[0m  [1m[35mBEGIN[0m
  [1m[36mUser Destroy (0.9ms)[0m  [1m[31mDELETE FROM "users" WHERE "users"."id" = $1[0m  [["id", 2]]
  [1m[35m (16.4ms)[0m  [1m[35mCOMMIT[0m
Started GET "/users/sign_in" for 127.0.0.1 at 2019-03-04 17:35:32 +0100
Processing by Devise::SessionsController#new as HTML
  [1m[36mUser Load (1.8ms)[0m  [1m[34mSELECT  "users".* FROM "users" WHERE "users"."id" = $1 ORDER BY "users"."id" ASC LIMIT $2[0m  [["id", 2], ["LIMIT", 1]]
  ↳ /Users/guellaty/.rbenv/versions/2.5.3/lib/ruby/gems/2.5.0/gems/activerecord-5.2.2/lib/active_record/log_subscriber.rb:98
  Rendering devise/sessions/new.html.erb within layouts/application
  Rendered devise/shared/_links.html.erb (2.6ms)
  Rendered devise/sessions/new.html.erb within layouts/application (73.6ms)
  Rendered shared/_navbar.html.erb (3.2ms)
  Rendered shared/_flashes.html.erb (0.9ms)
Completed 200 OK in 356ms (Views: 279.6ms | ActiveRecord: 1.8ms)


Started POST "/users/sign_in" for 127.0.0.1 at 2019-03-04 17:35:38 +0100
Processing by Devise::SessionsController#create as HTML
  Parameters: {"utf8"=>"✓", "authenticity_token"=>"wgw/xOPg3iwFOq0fOJvT6jP1alZB/qXd502qG6lwMW+idzBk5AS+sSpGz5M6esrrWKjxLxHf61T9ZyD0Y0Kiqg==", "user"=>{"login"=>"emnaguellaty@gmail.com", "password"=>"[FILTERED]", "remember_me"=>"0"}, "commit"=>"Log in"}
  [1m[36mUser Load (7.3ms)[0m  [1m[34mSELECT  "users".* FROM "users" WHERE (lower(username) = 'emnaguellaty@gmail.com' OR lower(email) = 'emnaguellaty@gmail.com') ORDER BY "users"."id" ASC LIMIT $1[0m  [["LIMIT", 1]]
  ↳ app/models/user.rb:20
Completed 401 Unauthorized in 15ms (ActiveRecord: 7.3ms)


Processing by Devise::SessionsController#new as HTML
  Parameters: {"utf8"=>"✓", "authenticity_token"=>"wgw/xOPg3iwFOq0fOJvT6jP1alZB/qXd502qG6lwMW+idzBk5AS+sSpGz5M6esrrWKjxLxHf61T9ZyD0Y0Kiqg==", "user"=>{"login"=>"emnaguellaty@gmail.com", "password"=>"[FILTERED]", "remember_me"=>"0"}, "commit"=>"Log in"}
  Rendering devise/sessions/new.html.erb within layouts/application
  Rendered devise/shared/_links.html.erb (1.3ms)
  Rendered devise/sessions/new.html.erb within layouts/application (15.5ms)
  Rendered shared/_navbar.html.erb (1.6ms)
  Rendered shared/_flashes.html.erb (0.8ms)
Completed 200 OK in 283ms (Views: 98.9ms | ActiveRecord: 0.0ms)


Started GET "/users/sign_up" for 127.0.0.1 at 2019-03-04 17:35:41 +0100
Processing by Devise::RegistrationsController#new as HTML
  Rendering devise/registrations/new.html.erb within layouts/application
  Rendered devise/shared/_links.html.erb (3.1ms)
  Rendered devise/registrations/new.html.erb within layouts/application (27.4ms)
  Rendered shared/_navbar.html.erb (1.5ms)
  Rendered shared/_flashes.html.erb (0.7ms)
Completed 200 OK in 135ms (Views: 130.5ms | ActiveRecord: 0.0ms)


Started POST "/users" for 127.0.0.1 at 2019-03-04 17:35:48 +0100
Processing by Devise::RegistrationsController#create as HTML
  Parameters: {"utf8"=>"✓", "authenticity_token"=>"Wjacr8zw2Ohs5/mQw5L9lAFas/XL3m8sjL9w2H7LojOhbR5GIlcY/Nzc5nVmNHMBRJRYWWTqnDZJyalb6YfAdw==", "user"=>{"username"=>"holla", "password"=>"[FILTERED]", "password_confirmation"=>"[FILTERED]"}, "commit"=>"Sign up"}
  [1m[35m (0.3ms)[0m  [1m[35mBEGIN[0m
  ↳ /Users/guellaty/.rbenv/versions/2.5.3/lib/ruby/gems/2.5.0/gems/activerecord-5.2.2/lib/active_record/log_subscriber.rb:98
  [1m[36mUser Exists (0.6ms)[0m  [1m[34mSELECT  1 AS one FROM "users" WHERE LOWER("users"."username") = LOWER($1) LIMIT $2[0m  [["username", "holla"], ["LIMIT", 1]]
  ↳ /Users/guellaty/.rbenv/versions/2.5.3/lib/ruby/gems/2.5.0/gems/activerecord-5.2.2/lib/active_record/log_subscriber.rb:98
  [1m[36mUser Create (0.8ms)[0m  [1m[32mINSERT INTO "users" ("encrypted_password", "created_at", "updated_at", "username") VALUES ($1, $2, $3, $4) RETURNING "id"[0m  [["encrypted_password", "$2a$11$tbfjfSCLVZI9q0hKc7vXKO8zps7gqWD4V/dkdyfu688L/JWPcjZLq"], ["created_at", "2019-03-04 16:35:48.266747"], ["updated_at", "2019-03-04 16:35:48.266747"], ["username", "holla"]]
  ↳ /Users/guellaty/.rbenv/versions/2.5.3/lib/ruby/gems/2.5.0/gems/activerecord-5.2.2/lib/active_record/log_subscriber.rb:98
  [1m[35m (6.5ms)[0m  [1m[35mCOMMIT[0m
  ↳ /Users/guellaty/.rbenv/versions/2.5.3/lib/ruby/gems/2.5.0/gems/activerecord-5.2.2/lib/active_record/log_subscriber.rb:98
Redirected to http://localhost:3000/
Completed 302 Found in 216ms (ActiveRecord: 8.2ms)


Started GET "/" for 127.0.0.1 at 2019-03-04 17:35:48 +0100
Processing by Rails::WelcomeController#index as HTML
  Rendering /Users/guellaty/.rbenv/versions/2.5.3/lib/ruby/gems/2.5.0/gems/railties-5.2.2/lib/rails/templates/rails/welcome/index.html.erb
  Rendered /Users/guellaty/.rbenv/versions/2.5.3/lib/ruby/gems/2.5.0/gems/railties-5.2.2/lib/rails/templates/rails/welcome/index.html.erb (3.6ms)
Completed 200 OK in 16ms (Views: 9.1ms | ActiveRecord: 0.0ms)


  [1m[36mUser Load (0.7ms)[0m  [1m[34mSELECT  "users".* FROM "users" LIMIT $1[0m  [["LIMIT", 11]]
